TN:
SF:App.js
FN:7,App
FNF:1
FNH:0
FNDA:0,App
DA:8,0
DA:21,0
LF:2
LH:0
BRDA:13,0,0,0
BRDA:13,0,1,0
BRDA:14,1,0,0
BRDA:14,1,1,0
BRF:4
BRH:0
end_of_record
TN:
SF:src/componentes/Cartao.js
FN:5,Cartao
FNF:1
FNH:0
FNDA:0,Cartao
DA:6,0
DA:11,0
LF:2
LH:0
BRDA:5,0,0,0
BRF:1
BRH:0
end_of_record
TN:
SF:src/componentes/Icone.js
FN:6,Icone
FN:14,(anonymous_1)
FNF:2
FNH:0
FNDA:0,Icone
FNDA:0,(anonymous_1)
DA:7,0
DA:9,0
DA:14,0
LF:3
LH:0
BRDA:10,0,0,0
BRDA:10,0,1,0
BRDA:16,1,0,0
BRDA:16,1,1,0
BRF:4
BRH:0
end_of_record
TN:
SF:src/hooks/useLeilao.js
FN:8,useLeilao
FN:11,(anonymous_1)
FN:17,(anonymous_2)
FN:43,(anonymous_3)
FNF:4
FNH:0
FNDA:0,useLeilao
FNDA:0,(anonymous_1)
FNDA:0,(anonymous_2)
FNDA:0,(anonymous_3)
DA:9,0
DA:11,0
DA:12,0
DA:13,0
DA:14,0
DA:17,0
DA:18,0
DA:19,0
DA:20,0
DA:23,0
DA:24,0
DA:25,0
DA:26,0
DA:29,0
DA:34,0
DA:35,0
DA:36,0
DA:37,0
DA:40,0
DA:43,0
DA:44,0
DA:47,0
LF:22
LH:0
BRDA:19,0,0,0
BRDA:19,0,1,0
BRDA:25,1,0,0
BRDA:25,1,1,0
BRDA:35,2,0,0
BRDA:35,2,1,0
BRF:6
BRH:0
end_of_record
TN:
SF:src/hooks/useListaLeiloes.js
FN:4,useListaLeiloes
FN:7,(anonymous_1)
FN:12,(anonymous_2)
FNF:3
FNH:0
FNDA:0,useListaLeiloes
FNDA:0,(anonymous_1)
FNDA:0,(anonymous_2)
DA:5,0
DA:7,0
DA:8,0
DA:9,0
DA:12,0
DA:13,0
DA:16,0
LF:7
LH:0
BRF:0
BRH:0
end_of_record
TN:
SF:src/negocio/constantes/estadosLance.js
FNF:0
FNH:0
DA:1,0
DA:2,0
DA:3,0
DA:4,0
DA:5,0
DA:6,0
LF:6
LH:0
BRF:0
BRH:0
end_of_record
TN:
SF:src/negocio/formatadores/lance.js
FN:1,formataMaiorLanceDoLeilao
FN:3,(anonymous_1)
FNF:2
FNH:0
FNDA:0,formataMaiorLanceDoLeilao
FNDA:0,(anonymous_1)
DA:2,0
DA:3,0
DA:6,0
LF:3
LH:0
BRDA:3,0,0,0
BRDA:3,0,1,0
BRF:2
BRH:0
end_of_record
TN:
SF:src/negocio/formatadores/moeda.js
FN:1,formataDecimalParaReal
FN:8,formataBrasileiroParaDecimal
FNF:2
FNH:2
FNDA:1,formataDecimalParaReal
FNDA:1,formataBrasileiroParaDecimal
DA:2,1
DA:9,1
DA:10,1
LF:3
LH:3
BRF:0
BRH:0
end_of_record
TN:
SF:src/negocio/validadores/lance.js
FN:8,validaFormatoNumericoDoLance
FN:16,validaLance
FN:31,validaLanceMaiorOuIgualAoInicial
FN:39,validaLanceMaiorQueLances
FN:40,(anonymous_4)
FNF:5
FNH:0
FNDA:0,validaFormatoNumericoDoLance
FNDA:0,validaLance
FNDA:0,validaLanceMaiorOuIgualAoInicial
FNDA:0,validaLanceMaiorQueLances
FNDA:0,(anonymous_4)
DA:9,0
DA:10,0
DA:13,0
DA:17,0
DA:18,0
DA:20,0
DA:21,0
DA:24,0
DA:25,0
DA:28,0
DA:32,0
DA:33,0
DA:36,0
DA:40,0
DA:41,0
DA:42,0
DA:45,0
LF:17
LH:0
BRDA:9,0,0,0
BRDA:9,0,1,0
BRDA:20,1,0,0
BRDA:20,1,1,0
BRDA:24,2,0,0
BRDA:24,2,1,0
BRDA:32,3,0,0
BRDA:32,3,1,0
BRDA:41,4,0,0
BRDA:41,4,1,0
BRF:10
BRH:0
end_of_record
TN:
SF:src/repositorio/lance.js
FN:3,obtemLancesDoLeilao
FN:12,adicionaLance
FNF:2
FNH:0
FNDA:0,obtemLancesDoLeilao
FNDA:0,adicionaLance
DA:4,0
DA:5,0
DA:6,0
DA:8,0
DA:13,0
DA:14,0
DA:15,0
DA:17,0
LF:8
LH:0
BRF:0
BRH:0
end_of_record
TN:
SF:src/repositorio/leilao.js
FN:3,obtemLeiloes
FN:12,obtemLeilao
FNF:2
FNH:0
FNDA:0,obtemLeiloes
FNDA:0,obtemLeilao
DA:4,0
DA:5,0
DA:6,0
DA:8,0
DA:13,0
DA:14,0
DA:15,0
DA:17,0
LF:8
LH:0
BRF:0
BRH:0
end_of_record
TN:
SF:src/rotas/AppRotas.js
FN:10,AppRotas
FNF:1
FNH:0
FNDA:0,AppRotas
DA:8,0
DA:11,0
LF:2
LH:0
BRF:0
BRH:0
end_of_record
TN:
SF:src/servicos/apiLeiloes.js
FNF:0
FNH:0
DA:4,0
LF:1
LH:0
BRF:0
BRH:0
end_of_record
TN:
SF:src/telas/Leilao/index.js
FN:10,Leilao
FN:17,(anonymous_1)
FN:25,(anonymous_2)
FN:38,(anonymous_3)
FN:39,(anonymous_4)
FN:40,(anonymous_5)
FNF:6
FNH:0
FNDA:0,Leilao
FNDA:0,(anonymous_1)
FNDA:0,(anonymous_2)
FNDA:0,(anonymous_3)
FNDA:0,(anonymous_4)
FNDA:0,(anonymous_5)
DA:11,0
DA:12,0
DA:14,0
DA:15,0
DA:17,0
DA:18,0
DA:19,0
DA:20,0
DA:22,0
DA:25,0
DA:26,0
DA:27,0
DA:28,0
DA:31,0
DA:32,0
DA:35,0
DA:38,0
DA:39,0
DA:40,0
DA:49,0
LF:20
LH:0
BRDA:19,0,0,0
BRDA:19,0,1,0
BRDA:31,1,0,0
BRDA:31,1,1,0
BRF:4
BRH:0
end_of_record
TN:
SF:src/telas/Leilao/componentes/EnviaLance.js
FN:7,EnviaLance
FN:15,(anonymous_1)
FN:52,(anonymous_2)
FNF:3
FNH:0
FNDA:0,EnviaLance
FNDA:0,(anonymous_1)
FNDA:0,(anonymous_2)
DA:8,0
DA:9,0
DA:10,0
DA:11,0
DA:13,0
DA:15,0
DA:16,0
DA:17,0
DA:18,0
DA:20,0
DA:22,0
DA:23,0
DA:24,0
DA:26,0
DA:29,0
DA:32,0
DA:52,0
LF:17
LH:0
BRDA:22,0,0,0
BRDA:22,0,1,0
BRDA:32,1,0,0
BRDA:32,1,1,0
BRDA:33,2,0,0
BRDA:33,2,1,0
BRDA:34,3,0,0
BRDA:34,3,1,0
BRDA:84,4,0,0
BRDA:84,4,1,0
BRDA:85,5,0,0
BRDA:85,5,1,0
BRF:12
BRH:0
end_of_record
TN:
SF:src/telas/Leilao/componentes/Lance.js
FN:9,Lance
FNF:1
FNH:0
FNDA:0,Lance
DA:10,0
DA:20,0
LF:2
LH:0
BRF:0
BRH:0
end_of_record
TN:
SF:src/telas/Leilao/componentes/Topo.js
FN:9,Topo
FNF:1
FNH:0
FNDA:0,Topo
DA:10,0
DA:12,0
DA:32,0
LF:3
LH:0
BRF:0
BRH:0
end_of_record
TN:
SF:src/telas/ListaLeiloes/index.js
FN:7,ListaLeiloes
FN:11,(anonymous_1)
FN:20,(anonymous_2)
FN:21,(anonymous_3)
FNF:4
FNH:0
FNDA:0,ListaLeiloes
FNDA:0,(anonymous_1)
FNDA:0,(anonymous_2)
FNDA:0,(anonymous_3)
DA:8,0
DA:9,0
DA:11,0
DA:12,0
DA:13,0
DA:14,0
DA:17,0
DA:20,0
DA:21,0
DA:29,0
LF:10
LH:0
BRF:0
BRH:0
end_of_record
TN:
SF:src/telas/ListaLeiloes/componentes/Leilao.js
FN:10,Leilao
FN:15,(anonymous_1)
FNF:2
FNH:0
FNDA:0,Leilao
FNDA:0,(anonymous_1)
DA:11,0
DA:13,0
DA:15,0
DA:31,0
LF:4
LH:0
BRF:0
BRH:0
end_of_record
